[debug] [2023-04-11T19:00:02.395Z] ----------------------------------------------------------------------
[debug] [2023-04-11T19:00:02.399Z] Command:       C:\Program Files\nodejs\node.exe C:\Users\VLT\AppData\Roaming\npm\node_modules\firebase-tools\lib\bin\firebase.js init
[debug] [2023-04-11T19:00:02.400Z] CLI Version:   11.25.3
[debug] [2023-04-11T19:00:02.401Z] Platform:      win32
[debug] [2023-04-11T19:00:02.401Z] Node Version:  v18.15.0
[debug] [2023-04-11T19:00:02.402Z] Time:          Wed Apr 12 2023 02:00:02 GMT+0700 (เวลาอินโดจีน)
[debug] [2023-04-11T19:00:02.403Z] ----------------------------------------------------------------------
[debug] 
[debug] [2023-04-11T19:00:02.417Z] > command requires scopes: ["email","openid","https://www.googleapis.com/auth/cloudplatformprojects.readonly","https://www.googleapis.com/auth/firebase","https://www.googleapis.com/auth/cloud-platform"]
[debug] [2023-04-11T19:00:02.418Z] > authorizing via signed-in user (valent142003@srru.ac.th)
[info] 
     ######## #### ########  ######## ########     ###     ######  ########
     ##        ##  ##     ## ##       ##     ##  ##   ##  ##       ##
     ######    ##  ########  ######   ########  #########  ######  ######
     ##        ##  ##    ##  ##       ##     ## ##     ##       ## ##
     ##       #### ##     ## ######## ########  ##     ##  ######  ########

You're about to initialize a Firebase project in this directory:

  C:\Users\VLT\Documents\VLT\Project\Code\portfolio

[info] 
=== Project Setup
[info] 
[info] First, let's associate this project directory with a Firebase project.
[info] You can create multiple project aliases by running firebase use --add, 
[info] but for now we'll just set up a default project.
[info] 
